<?xml version="1.0" encoding="UTF-8"?>
<testsuite name="LogicSimulatorTest" tests="1" skipped="0" failures="0" errors="0" timestamp="2020-08-25T03:57:30" hostname="MSI" time="0.007">
  <properties/>
  <testcase name="testLoad" classname="LogicSimulatorTest" time="0.007"/>
  <system-out><![CDATA[[3, 3, 1 -1 2.1 3.1 0, 3 -2 0, 2 2.1 -3 0]
]]></system-out>
  <system-err><![CDATA[]]></system-err>
</testsuite>
