<?xml version="1.0" encoding="UTF-8"?>
<testsuite name="DeviceFactoryTest" tests="1" skipped="0" failures="0" errors="0" timestamp="2020-08-26T03:18:30" hostname="MSI" time="0.004">
  <properties/>
  <testcase name="TestCreateDeviceFromType" classname="DeviceFactoryTest" time="0.004"/>
  <system-out><![CDATA[]]></system-out>
  <system-err><![CDATA[]]></system-err>
</testsuite>
