<?xml version="1.0" encoding="UTF-8"?>
<testsuite name="LogicSimulatorTest" tests="3" skipped="0" failures="0" errors="0" timestamp="2020-08-26T03:18:30" hostname="MSI" time="0.012">
  <properties/>
  <testcase name="testLoad" classname="LogicSimulatorTest" time="0.005"/>
  <testcase name="testGetSimulationResult" classname="LogicSimulatorTest" time="0.0"/>
  <testcase name="testGetTruthTable" classname="LogicSimulatorTest" time="0.006"/>
  <system-out><![CDATA[]]></system-out>
  <system-err><![CDATA[]]></system-err>
</testsuite>
